[debug] [2021-09-29T17:35:36.260Z] ----------------------------------------------------------------------
[debug] [2021-09-29T17:35:36.262Z] Command:       /usr/local/bin/firebase /Users/jacksanders/.cache/firebase/tools/lib/node_modules/firebase-tools/lib/bin/firebase init
[debug] [2021-09-29T17:35:36.262Z] CLI Version:   9.17.0
[debug] [2021-09-29T17:35:36.262Z] Platform:      darwin
[debug] [2021-09-29T17:35:36.262Z] Node Version:  v12.18.1
[debug] [2021-09-29T17:35:36.264Z] Time:          Wed Sep 29 2021 13:35:36 GMT-0400 (Eastern Daylight Time)
[debug] [2021-09-29T17:35:36.264Z] ----------------------------------------------------------------------
[debug] 
[debug] [2021-09-29T17:35:36.267Z] >>> [apiv2][query] GET https://firebase-public.firebaseio.com/cli.json [none]
[debug] [2021-09-29T17:35:36.283Z] > command requires scopes: ["email","openid","https://www.googleapis.com/auth/cloudplatformprojects.readonly","https://www.googleapis.com/auth/firebase","https://www.googleapis.com/auth/cloud-platform"]
[debug] [2021-09-29T17:35:36.284Z] > authorizing via signed-in user (jack12sanders@gmail.com)
[info] 
     ######## #### ########  ######## ########     ###     ######  ########
     ##        ##  ##     ## ##       ##     ##  ##   ##  ##       ##
     ######    ##  ########  ######   ########  #########  ######  ######
     ##        ##  ##    ##  ##       ##     ## ##     ##       ## ##
     ##       #### ##     ## ######## ########  ##     ##  ######  ########

You're about to initialize a Firebase project in this directory:

  /Users/jacksanders/Desktop/personal_website_copy

[debug] [2021-09-29T17:35:40.383Z] <<< [apiv2][status] GET https://firebase-public.firebaseio.com/cli.json 200
[debug] [2021-09-29T17:35:40.383Z] <<< [apiv2][body] GET https://firebase-public.firebaseio.com/cli.json {"cloudBuildErrorAfter":1594252800000,"cloudBuildWarnAfter":1590019200000,"defaultNode10After":1594252800000,"minVersion":"3.0.5","node8DeploysDisabledAfter":1613390400000,"node8RuntimeDisabledAfter":1615809600000,"node8WarnAfter":1600128000000}
[info] 
=== Project Setup
[info] 
[info] First, let's associate this project directory with a Firebase project.
[info] You can create multiple project aliases by running firebase use --add, 
[info] but for now we'll just set up a default project.
[info] 
[debug] [2021-09-29T17:36:13.036Z] > refreshing access token with scopes: []
[debug] [2021-09-29T17:36:13.037Z] >>> HTTP REQUEST POST https://www.googleapis.com/oauth2/v3/token  
 <request body omitted>
[debug] [2021-09-29T17:36:15.180Z] <<< HTTP RESPONSE 200 {"date":"Wed, 29 Sep 2021 17:36:15 GMT","cache-control":"no-cache, no-store, max-age=0, must-revalidate","pragma":"no-cache","expires":"Mon, 01 Jan 1990 00:00:00 GMT","content-type":"application/json; charset=utf-8","vary":"X-Origin, Referer, Origin,Accept-Encoding","server":"scaffolding on HTTPServer2","x-xss-protection":"0","x-frame-options":"SAMEORIGIN","x-content-type-options":"nosniff","alt-svc":"h3=\":443\"; ma=2592000,h3-29=\":443\"; ma=2592000,h3-T051=\":443\"; ma=2592000,h3-Q050=\":443\"; ma=2592000,h3-Q046=\":443\"; ma=2592000,h3-Q043=\":443\"; ma=2592000,quic=\":443\"; ma=2592000; v=\"46,43\"","accept-ranges":"none","transfer-encoding":"chunked"}
[debug] [2021-09-29T17:36:15.204Z] >>> [apiv2][query] GET https://firebase.googleapis.com/v1beta1/projects pageSize=100
[debug] [2021-09-29T17:36:18.075Z] <<< [apiv2][status] GET https://firebase.googleapis.com/v1beta1/projects 200
[debug] [2021-09-29T17:36:18.075Z] <<< [apiv2][body] GET https://firebase.googleapis.com/v1beta1/projects [omitted]
[info] i  Using project testproject-8c62e (testproject) 
[info] 
=== Hosting:github Setup
[info] 
[info] i  Detected a .git folder at /Users/jacksanders/Desktop/personal_website_copy 
[info] i  Authorizing with GitHub to upload your service account to a GitHub repository's secrets store. 
[info] 
[info] Visit this URL on this device to log in:
[info] https://github.com/login/oauth/authorize?client_id=89cf50f02ac6aaed3484&state=460787099&redirect_uri=http%3A%2F%2Flocalhost%3A9005&scope=read%3Auser%20repo%20public_repo
[info] 
[info] Waiting for authentication...
[debug] [2021-09-29T17:36:24.866Z] >>> HTTP REQUEST POST https://github.com/login/oauth/access_token  
 {"client_id":"89cf50f02ac6aaed3484","client_secret":"3330d14abc895d9a74d5f17cd7a00711fa2c5bf0","code":"22ee3b651801ef5f6c58","redirect_uri":"http://localhost:9005","state":"460787099"}
[debug] [2021-09-29T17:36:26.408Z] <<< HTTP RESPONSE 200 {"server":"GitHub.com","date":"Wed, 29 Sep 2021 17:36:26 GMT","content-type":"application/json; charset=utf-8","transfer-encoding":"chunked","vary":"X-PJAX, X-PJAX-Container, Accept-Encoding, Accept, X-Requested-With","permissions-policy":"interest-cohort=()","etag":"W/\"2c1d99620f7c8c15a10ecf431e6dddb9\"","cache-control":"max-age=0, private, must-revalidate","strict-transport-security":"max-age=31536000; includeSubdomains; preload","x-frame-options":"deny","x-content-type-options":"nosniff","x-xss-protection":"0","referrer-policy":"origin-when-cross-origin, strict-origin-when-cross-origin","expect-ct":"max-age=2592000, report-uri=\"https://api.github.com/_private/browser/errors\"","content-security-policy":"default-src 'none'; base-uri 'self'; block-all-mixed-content; child-src github.com/javascripts/worker/ gist.github.com/javascripts/worker/; connect-src 'self' uploads.github.com www.githubstatus.com collector.githubapp.com api.github.com github-cloud.s3.amazonaws.com github-production-repository-file-5c1aeb.s3.amazonaws.com github-production-upload-manifest-file-7fdce7.s3.amazonaws.com github-production-user-asset-6210df.s3.amazonaws.com cdn.optimizely.com logx.optimizely.com/v1/events translator.github.com wss://alive.github.com; font-src github.githubassets.com; form-action 'self' github.com gist.github.com; frame-ancestors 'none'; frame-src render.githubusercontent.com viewscreen.githubusercontent.com viewscreen-lab.githubusercontent.com; img-src 'self' data: github.githubassets.com identicons.github.com collector.githubapp.com github-cloud.s3.amazonaws.com secured-user-images.githubusercontent.com/ *.githubusercontent.com; manifest-src 'self'; media-src github.com user-images.githubusercontent.com/; script-src github.githubassets.com; style-src 'unsafe-inline' github.githubassets.com; worker-src github.com/javascripts/worker/ gist.github.com/javascripts/worker/ github.com/socket-worker-0af8a29d.js gist.github.com/socket-worker-0af8a29d.js","x-github-request-id":"F62C:5F58:11DB6C:1EC931:6154A41A"}
[debug] [2021-09-29T17:36:26.413Z] >>> [apiv2][query] GET https://api.github.com/user [none]
[debug] [2021-09-29T17:36:26.683Z] <<< [apiv2][status] GET https://api.github.com/user 200
[debug] [2021-09-29T17:36:26.683Z] <<< [apiv2][body] GET https://api.github.com/user {"login":"jacksanders12","id":9979888,"node_id":"MDQ6VXNlcjk5Nzk4ODg=","avatar_url":"https://avatars.githubusercontent.com/u/9979888?v=4","gravatar_id":"","url":"https://api.github.com/users/jacksanders12","html_url":"https://github.com/jacksanders12","followers_url":"https://api.github.com/users/jacksanders12/followers","following_url":"https://api.github.com/users/jacksanders12/following{/other_user}","gists_url":"https://api.github.com/users/jacksanders12/gists{/gist_id}","starred_url":"https://api.github.com/users/jacksanders12/starred{/owner}{/repo}","subscriptions_url":"https://api.github.com/users/jacksanders12/subscriptions","organizations_url":"https://api.github.com/users/jacksanders12/orgs","repos_url":"https://api.github.com/users/jacksanders12/repos","events_url":"https://api.github.com/users/jacksanders12/events{/privacy}","received_events_url":"https://api.github.com/users/jacksanders12/received_events","type":"User","site_admin":false,"name":"Jack Sanders","company":null,"blog":"jackmsanders.com","location":"Richmond, VA","email":null,"hireable":null,"bio":null,"twitter_username":null,"public_repos":4,"public_gists":0,"followers":0,"following":0,"created_at":"2014-11-27T18:08:14Z","updated_at":"2021-09-17T18:43:54Z","private_gists":0,"total_private_repos":2,"owned_private_repos":2,"disk_usage":78198,"collaborators":0,"two_factor_authentication":false,"plan":{"name":"free","space":976562499,"collaborators":0,"private_repos":10000}}
[info] 
[info] ✔  Success! Logged into GitHub as jacksanders12 
[info] 
